TN:
SF:src/app.js
FN:2,App
FN:10,initialize
FN:15,configureButton
FN:19,updateTable
FN:23,cleanNameInput
FN:26,isNameValid
FN:34,onButtonClick
FN:44,updateTableWithCharactersFromAPI
FNF:8
FNH:8
FNDA:9,App
FNDA:1,initialize
FNDA:1,configureButton
FNDA:2,updateTable
FNDA:1,cleanNameInput
FNDA:4,isNameValid
FNDA:2,onButtonClick
FNDA:1,updateTableWithCharactersFromAPI
DA:1,1
DA:2,1
DA:3,9
DA:4,9
DA:5,9
DA:6,9
DA:7,9
DA:8,9
DA:9,1
DA:10,1
DA:11,1
DA:12,1
DA:13,1
DA:14,1
DA:15,1
DA:16,1
DA:17,1
DA:18,1
DA:19,1
DA:20,2
DA:21,2
DA:22,1
DA:23,1
DA:24,1
DA:25,1
DA:26,1
DA:27,4
DA:28,2
DA:29,2
DA:30,2
DA:31,2
DA:32,2
DA:33,2
DA:34,1
DA:35,2
DA:36,2
DA:37,1
DA:38,1
DA:39,1
DA:40,1
DA:41,1
DA:42,1
DA:43,1
DA:44,1
DA:45,1
DA:46,1
DA:47,1
DA:48,1
DA:49,1
DA:50,1
LF:50
LH:50
BRDA:2,0,0,9
BRDA:10,1,0,1
BRDA:15,2,0,1
BRDA:19,3,0,2
BRDA:23,4,0,1
BRDA:26,5,0,4
BRDA:27,6,0,2
BRDA:34,7,0,2
BRDA:36,8,0,1
BRDA:44,9,0,1
BRF:10
BRH:10
end_of_record
